<?xml version="1.0" encoding="UTF-8"?>
<testsuite xmlns:xsi="http://www.w3.org/2001/XMLSchema-instance" xsi:noNamespaceSchemaLocation="https://maven.apache.org/surefire/maven-surefire-plugin/xsd/surefire-test-report-3.0.xsd" version="3.0" name="com.cal.CalculatorTest" time="0.081" tests="2" errors="0" skipped="0" failures="0">
  <properties>
    <property name="awt.toolkit" value="sun.awt.X11.XToolkit"/>
    <property name="file.encoding.pkg" value="sun.io"/>
    <property name="java.specification.version" value="1.8"/>
    <property name="sun.cpu.isalist" value=""/>
    <property name="sun.jnu.encoding" value="UTF-8"/>
    <property name="java.class.path" value="/home/raj/Documents/YMLLI_July21/servlet-jsp/junitdemo5/target/test-classes:/home/raj/Documents/YMLLI_July21/servlet-jsp/junitdemo5/target/classes:/home/raj/.m2/repository/org/junit/jupiter/junit-jupiter-engine/5.6.2/junit-jupiter-engine-5.6.2.jar:/home/raj/.m2/repository/org/apiguardian/apiguardian-api/1.1.0/apiguardian-api-1.1.0.jar:/home/raj/.m2/repository/org/junit/platform/junit-platform-engine/1.6.2/junit-platform-engine-1.6.2.jar:/home/raj/.m2/repository/org/opentest4j/opentest4j/1.2.0/opentest4j-1.2.0.jar:/home/raj/.m2/repository/org/junit/platform/junit-platform-commons/1.6.2/junit-platform-commons-1.6.2.jar:/home/raj/.m2/repository/org/junit/jupiter/junit-jupiter-api/5.6.2/junit-jupiter-api-5.6.2.jar:/home/raj/.m2/repository/org/junit/jupiter/junit-jupiter-params/5.6.2/junit-jupiter-params-5.6.2.jar:"/>
    <property name="java.vm.vendor" value="Oracle Corporation"/>
    <property name="sun.arch.data.model" value="64"/>
    <property name="java.vendor.url" value="http://java.oracle.com/"/>
    <property name="user.timezone" value=""/>
    <property name="java.vm.specification.version" value="1.8"/>
    <property name="os.name" value="Linux"/>
    <property name="user.country" value="IN"/>
    <property name="sun.java.launcher" value="SUN_STANDARD"/>
    <property name="sun.boot.library.path" value="/usr/lib/java/jdk1.8.0_111/jre/lib/amd64"/>
    <property name="sun.java.command" value="/home/raj/Documents/YMLLI_July21/servlet-jsp/junitdemo5/target/surefire/surefirebooter5493958313518503949.jar /home/raj/Documents/YMLLI_July21/servlet-jsp/junitdemo5/target/surefire 2021-08-23T12-51-51_459-jvmRun1 surefire3058361082209567021tmp surefire_02180296474539856861tmp"/>
    <property name="surefire.test.class.path" value="/home/raj/Documents/YMLLI_July21/servlet-jsp/junitdemo5/target/test-classes:/home/raj/Documents/YMLLI_July21/servlet-jsp/junitdemo5/target/classes:/home/raj/.m2/repository/org/junit/jupiter/junit-jupiter-engine/5.6.2/junit-jupiter-engine-5.6.2.jar:/home/raj/.m2/repository/org/apiguardian/apiguardian-api/1.1.0/apiguardian-api-1.1.0.jar:/home/raj/.m2/repository/org/junit/platform/junit-platform-engine/1.6.2/junit-platform-engine-1.6.2.jar:/home/raj/.m2/repository/org/opentest4j/opentest4j/1.2.0/opentest4j-1.2.0.jar:/home/raj/.m2/repository/org/junit/platform/junit-platform-commons/1.6.2/junit-platform-commons-1.6.2.jar:/home/raj/.m2/repository/org/junit/jupiter/junit-jupiter-api/5.6.2/junit-jupiter-api-5.6.2.jar:/home/raj/.m2/repository/org/junit/jupiter/junit-jupiter-params/5.6.2/junit-jupiter-params-5.6.2.jar:"/>
    <property name="sun.cpu.endian" value="little"/>
    <property name="user.home" value="/home/raj"/>
    <property name="user.language" value="en"/>
    <property name="java.specification.vendor" value="Oracle Corporation"/>
    <property name="java.home" value="/usr/lib/java/jdk1.8.0_111/jre"/>
    <property name="basedir" value="/home/raj/Documents/YMLLI_July21/servlet-jsp/junitdemo5"/>
    <property name="style.color" value="always"/>
    <property name="file.separator" value="/"/>
    <property name="line.separator" value="&#10;"/>
    <property name="java.vm.specification.vendor" value="Oracle Corporation"/>
    <property name="java.specification.name" value="Java Platform API Specification"/>
    <property name="java.awt.graphicsenv" value="sun.awt.X11GraphicsEnvironment"/>
    <property name="surefire.real.class.path" value="/home/raj/Documents/YMLLI_July21/servlet-jsp/junitdemo5/target/surefire/surefirebooter5493958313518503949.jar"/>
    <property name="sun.boot.class.path" value="/usr/lib/java/jdk1.8.0_111/jre/lib/resources.jar:/usr/lib/java/jdk1.8.0_111/jre/lib/rt.jar:/usr/lib/java/jdk1.8.0_111/jre/lib/sunrsasign.jar:/usr/lib/java/jdk1.8.0_111/jre/lib/jsse.jar:/usr/lib/java/jdk1.8.0_111/jre/lib/jce.jar:/usr/lib/java/jdk1.8.0_111/jre/lib/charsets.jar:/usr/lib/java/jdk1.8.0_111/jre/lib/jfr.jar:/usr/lib/java/jdk1.8.0_111/jre/classes"/>
    <property name="sun.management.compiler" value="HotSpot 64-Bit Tiered Compilers"/>
    <property name="java.runtime.version" value="1.8.0_111-b14"/>
    <property name="user.name" value="raj"/>
    <property name="path.separator" value=":"/>
    <property name="os.version" value="5.4.0-81-generic"/>
    <property name="java.endorsed.dirs" value="/usr/lib/java/jdk1.8.0_111/jre/lib/endorsed"/>
    <property name="java.runtime.name" value="Java(TM) SE Runtime Environment"/>
    <property name="file.encoding" value="UTF-8"/>
    <property name="java.vm.name" value="Java HotSpot(TM) 64-Bit Server VM"/>
    <property name="localRepository" value="/home/raj/.m2/repository"/>
    <property name="java.vendor.url.bug" value="http://bugreport.sun.com/bugreport/"/>
    <property name="java.io.tmpdir" value="/tmp"/>
    <property name="java.version" value="1.8.0_111"/>
    <property name="user.dir" value="/home/raj/Documents/YMLLI_July21/servlet-jsp/junitdemo5"/>
    <property name="os.arch" value="amd64"/>
    <property name="java.vm.specification.name" value="Java Virtual Machine Specification"/>
    <property name="java.awt.printerjob" value="sun.print.PSPrinterJob"/>
    <property name="sun.os.patch.level" value="unknown"/>
    <property name="java.library.path" value="/usr/java/packages/lib/amd64:/usr/lib64:/lib64:/lib:/usr/lib"/>
    <property name="java.vm.info" value="mixed mode"/>
    <property name="java.vendor" value="Oracle Corporation"/>
    <property name="java.vm.version" value="25.111-b14"/>
    <property name="java.ext.dirs" value="/usr/lib/java/jdk1.8.0_111/jre/lib/ext:/usr/java/packages/lib/ext"/>
    <property name="sun.io.unicode.encoding" value="UnicodeLittle"/>
    <property name="java.class.version" value="52.0"/>
  </properties>
  <testcase name="addTestV1" classname="com.cal.CalculatorTest" time="0.036">
    <system-out><![CDATA[beofre any test case
i run in dev env
]]></system-out>
  </testcase>
  <testcase name="addTestV2" classname="com.cal.CalculatorTest" time="0.006">
    <system-out><![CDATA[i run in test env
]]></system-out>
  </testcase>
</testsuite>